<?xml version="1.0" encoding="UTF-8"?>
<testng-results ignored="0" total="2" passed="2" failed="0" skipped="0">
  <reporter-output>
    <line>
      <![CDATA[Open]]>
    </line>
    <line>
      <![CDATA[Login]]>
    </line>
    <line>
      <![CDATA[Create]]>
    </line>
    <line>
      <![CDATA[Logout]]>
    </line>
    <line>
      <![CDATA[Login]]>
    </line>
    <line>
      <![CDATA[Modify]]>
    </line>
    <line>
      <![CDATA[Logout]]>
    </line>
    <line>
      <![CDATA[Close]]>
    </line>
  </reporter-output>
  <suite started-at="2023-09-08T00:00:52 IST" name="Suite" finished-at="2023-09-08T00:01:01 IST" duration-ms="8787">
    <groups>
    </groups>
    <test started-at="2023-09-08T00:00:52 IST" name="Test" finished-at="2023-09-08T00:01:01 IST" duration-ms="8787">
      <class name="com.jenkins.ExtentTest.ExtentTests">
        <test-method is-config="true" signature="open()[pri:0, instance:com.jenkins.ExtentTest.ExtentTests@6025e1b6]" started-at="2023-09-08T00:00:52 IST" name="open" finished-at="2023-09-08T00:00:54 IST" duration-ms="2057" status="PASS">
          <reporter-output>
            <line>
              <![CDATA[Open]]>
            </line>
          </reporter-output>
        </test-method> <!-- open -->
        <test-method is-config="true" signature="login()[pri:0, instance:com.jenkins.ExtentTest.ExtentTests@6025e1b6]" started-at="2023-09-08T00:00:54 IST" name="login" finished-at="2023-09-08T00:00:58 IST" duration-ms="4523" status="PASS">
          <reporter-output>
            <line>
              <![CDATA[Login]]>
            </line>
          </reporter-output>
        </test-method> <!-- login -->
        <test-method signature="create()[pri:0, instance:com.jenkins.ExtentTest.ExtentTests@6025e1b6]" started-at="2023-09-08T00:00:58 IST" name="create" finished-at="2023-09-08T00:00:58 IST" duration-ms="4" status="PASS">
          <reporter-output>
            <line>
              <![CDATA[Create]]>
            </line>
          </reporter-output>
        </test-method> <!-- create -->
        <test-method is-config="true" signature="logout()[pri:0, instance:com.jenkins.ExtentTest.ExtentTests@6025e1b6]" started-at="2023-09-08T00:00:58 IST" name="logout" finished-at="2023-09-08T00:00:58 IST" duration-ms="0" status="PASS">
          <reporter-output>
            <line>
              <![CDATA[Logout]]>
            </line>
          </reporter-output>
        </test-method> <!-- logout -->
        <test-method is-config="true" signature="login()[pri:0, instance:com.jenkins.ExtentTest.ExtentTests@6025e1b6]" started-at="2023-09-08T00:00:58 IST" name="login" finished-at="2023-09-08T00:01:01 IST" duration-ms="2157" status="PASS">
          <reporter-output>
            <line>
              <![CDATA[Login]]>
            </line>
          </reporter-output>
        </test-method> <!-- login -->
        <test-method signature="modify()[pri:0, instance:com.jenkins.ExtentTest.ExtentTests@6025e1b6]" started-at="2023-09-08T00:01:01 IST" name="modify" finished-at="2023-09-08T00:01:01 IST" duration-ms="3" status="PASS">
          <reporter-output>
            <line>
              <![CDATA[Modify]]>
            </line>
          </reporter-output>
        </test-method> <!-- modify -->
        <test-method is-config="true" signature="logout()[pri:0, instance:com.jenkins.ExtentTest.ExtentTests@6025e1b6]" started-at="2023-09-08T00:01:01 IST" name="logout" finished-at="2023-09-08T00:01:01 IST" duration-ms="0" status="PASS">
          <reporter-output>
            <line>
              <![CDATA[Logout]]>
            </line>
          </reporter-output>
        </test-method> <!-- logout -->
        <test-method is-config="true" signature="close()[pri:0, instance:com.jenkins.ExtentTest.ExtentTests@6025e1b6]" started-at="2023-09-08T00:01:01 IST" name="close" finished-at="2023-09-08T00:01:01 IST" duration-ms="0" status="PASS">
          <reporter-output>
            <line>
              <![CDATA[Close]]>
            </line>
          </reporter-output>
        </test-method> <!-- close -->
      </class> <!-- com.jenkins.ExtentTest.ExtentTests -->
    </test> <!-- Test -->
  </suite> <!-- Suite -->
</testng-results>
